<?xml version="1.0" encoding="UTF-8"?>
<!-- Generated by org.testng.reporters.JUnitReportReporter -->
<testsuite hostname="Nayan" failures="0" tests="2" name="package2.SecondTest" time="0.229" errors="0" timestamp="17 Feb 2025 12:22:06 GMT" skipped="0">
  <testcase classname="package2.SecondTest" name="fourthTest" time="0.216"/>
  <testcase classname="package2.SecondTest" name="thirdtTest" time="0.013"/>
</testsuite> <!-- package2.SecondTest -->
