<?xml version="1.0" encoding="UTF-8"?>
<!-- Generated by org.testng.reporters.JUnitReportReporter -->
<testsuite hostname="Nayan" failures="0" tests="2" name="package1.FirstTest" time="0.033" errors="0" timestamp="17 Feb 2025 12:22:06 GMT" skipped="0">
  <testcase classname="package1.FirstTest" name="firstTest" time="0.021"/>
  <testcase classname="package1.FirstTest" name="secondTest" time="0.012"/>
</testsuite> <!-- package1.FirstTest -->
